<?xml version="1.0" encoding="UTF-8"?>
<!-- Generated by org.testng.reporters.JUnitXMLReporter -->
<testsuite ignored="0" hostname="DESKTOP-9FVL58H" failures="0" tests="5" name="Important Features" time="32.259" errors="0" timestamp="2022-11-24T00:49:11 IST">
  <testcase classname="featurebuggytesting.FeatureBuggyCar" name="BCR_Register" time="3.777"/>
  <testcase classname="featurebuggytesting.FeatureBuggyCar" name="BCR_Login" time="3.224"/>
  <testcase classname="featurebuggytesting.FeatureBuggyCar" name="BCR_VotingPopularModel" time="13.913"/>
  <testcase classname="featurebuggytesting.FeatureBuggyCar" name="ModelDetails" time="6.423"/>
  <testcase classname="featurebuggytesting.FeatureBuggyCar" name="BCR_Logout" time="0.219"/>
</testsuite> <!-- Important Features -->
