<?xml version="1.0" encoding="UTF-8"?>
<testng-results ignored="0" total="5" passed="5" failed="0" skipped="0">
  <reporter-output>
  </reporter-output>
  <suite started-at="2022-11-24T00:48:39 IST" name="Testing Buggy Car site" finished-at="2022-11-24T00:49:11 IST" duration-ms="32259">
    <groups>
      <group name="feature">
        <method signature="FeatureBuggyCar.BCR_Login()[pri:1, instance:featurebuggytesting.FeatureBuggyCar@4df50bcc]" name="BCR_Login" class="featurebuggytesting.FeatureBuggyCar"/>
        <method signature="FeatureBuggyCar.BCR_Logout()[pri:4, instance:featurebuggytesting.FeatureBuggyCar@4df50bcc]" name="BCR_Logout" class="featurebuggytesting.FeatureBuggyCar"/>
        <method signature="FeatureBuggyCar.BCR_Register()[pri:0, instance:featurebuggytesting.FeatureBuggyCar@4df50bcc]" name="BCR_Register" class="featurebuggytesting.FeatureBuggyCar"/>
        <method signature="FeatureBuggyCar.BCR_VotingPopularModel()[pri:2, instance:featurebuggytesting.FeatureBuggyCar@4df50bcc]" name="BCR_VotingPopularModel" class="featurebuggytesting.FeatureBuggyCar"/>
        <method signature="FeatureBuggyCar.ModelDetails()[pri:3, instance:featurebuggytesting.FeatureBuggyCar@4df50bcc]" name="ModelDetails" class="featurebuggytesting.FeatureBuggyCar"/>
      </group> <!-- feature -->
    </groups>
    <test started-at="2022-11-24T00:48:39 IST" name="Important Features" finished-at="2022-11-24T00:49:11 IST" duration-ms="32259">
      <class name="featurebuggytesting.FeatureBuggyCar">
        <test-method is-config="true" signature="driverSetup()[pri:0, instance:featurebuggytesting.FeatureBuggyCar@4df50bcc]" started-at="2022-11-24T00:48:33 IST" name="driverSetup" finished-at="2022-11-24T00:48:39 IST" duration-ms="6029" status="PASS">
          <reporter-output>
          </reporter-output>
        </test-method> <!-- driverSetup -->
        <test-method is-config="true" signature="LaunchURL()[pri:0, instance:featurebuggytesting.FeatureBuggyCar@4df50bcc]" started-at="2022-11-24T00:48:39 IST" name="LaunchURL" finished-at="2022-11-24T00:48:44 IST" duration-ms="4549" status="PASS">
          <reporter-output>
          </reporter-output>
        </test-method> <!-- LaunchURL -->
        <test-method signature="BCR_Register()[pri:0, instance:featurebuggytesting.FeatureBuggyCar@4df50bcc]" started-at="2022-11-24T00:48:44 IST" name="BCR_Register" finished-at="2022-11-24T00:48:48 IST" duration-ms="3777" status="PASS">
          <reporter-output>
          </reporter-output>
        </test-method> <!-- BCR_Register -->
        <test-method signature="BCR_Login()[pri:1, instance:featurebuggytesting.FeatureBuggyCar@4df50bcc]" started-at="2022-11-24T00:48:48 IST" name="BCR_Login" finished-at="2022-11-24T00:48:51 IST" duration-ms="3224" status="PASS">
          <reporter-output>
          </reporter-output>
        </test-method> <!-- BCR_Login -->
        <test-method signature="BCR_VotingPopularModel()[pri:2, instance:featurebuggytesting.FeatureBuggyCar@4df50bcc]" started-at="2022-11-24T00:48:51 IST" name="BCR_VotingPopularModel" finished-at="2022-11-24T00:49:05 IST" duration-ms="13913" status="PASS">
          <reporter-output>
          </reporter-output>
        </test-method> <!-- BCR_VotingPopularModel -->
        <test-method signature="ModelDetails()[pri:3, instance:featurebuggytesting.FeatureBuggyCar@4df50bcc]" started-at="2022-11-24T00:49:05 IST" name="ModelDetails" finished-at="2022-11-24T00:49:11 IST" duration-ms="6423" status="PASS">
          <reporter-output>
          </reporter-output>
        </test-method> <!-- ModelDetails -->
        <test-method signature="BCR_Logout()[pri:4, instance:featurebuggytesting.FeatureBuggyCar@4df50bcc]" started-at="2022-11-24T00:49:11 IST" name="BCR_Logout" finished-at="2022-11-24T00:49:11 IST" duration-ms="219" status="PASS">
          <reporter-output>
          </reporter-output>
        </test-method> <!-- BCR_Logout -->
      </class> <!-- featurebuggytesting.FeatureBuggyCar -->
    </test> <!-- Important Features -->
  </suite> <!-- Testing Buggy Car site -->
</testng-results>
