<?xml version="1.0" encoding="UTF-8"?>
<!-- Generated by org.testng.reporters.JUnitXMLReporter -->
<testsuite ignored="4" hostname="DESKTOP-9FVL58H" failures="0" tests="1" name="Default test" time="11.373" errors="0" timestamp="2022-11-23T23:57:02 IST">
  <testcase classname="featurebuggytesting.FeatureBuggyCar" name="ModelDetails" time="7.701"/>
  <testcase classname="featurebuggytesting.FeatureBuggyCar" name="BCR_Login" time="0.0">
    <ignored/>
  </testcase> <!-- BCR_Login -->
  <testcase classname="featurebuggytesting.FeatureBuggyCar" name="BCR_Logout" time="0.0">
    <ignored/>
  </testcase> <!-- BCR_Logout -->
  <testcase classname="featurebuggytesting.FeatureBuggyCar" name="BCR_VotingPopularModel" time="0.0">
    <ignored/>
  </testcase> <!-- BCR_VotingPopularModel -->
  <testcase classname="featurebuggytesting.FeatureBuggyCar" name="BCR_Register" time="0.0">
    <ignored/>
  </testcase> <!-- BCR_Register -->
</testsuite> <!-- Default test -->
